# JRE version: OpenJDK Runtime Environment Temurin-21.0.6+7 (21.0.6+7) (build 21.0.6+7-LTS)
# Java VM: OpenJDK 64-Bit Server VM Temurin-21.0.6+7 (21.0.6+7-LTS, mixed mode, sharing, tiered, compressed oops, compressed class ptrs, g1 gc, windows-amd64)
GC Precious Log:
 CardTable entry size: 512
 Card Set container configuration: InlinePtr #cards 4 size 8 Array Of Cards #cards 16 size 48 Howl #buckets 8 coarsen threshold 3686 Howl Bitmap #cards 512 size 80 coarsen threshold 460 Card regions per heap region 1 cards per card region 4096
 CPUs: 12 total, 12 available
 Memory: 16124M
 Large Page Support: Disabled
 NUMA Support: Disabled
 Compressed Oops: Enabled (Zero based)
 Heap Region Size: 2M
 Heap Min Capacity: 8M
 Heap Initial Capacity: 252M
 Heap Max Capacity: 4032M
 Pre-touch: Disabled
 Parallel Workers: 10
 Concurrent Workers: 3
 Concurrent Refinement Workers: 10
 Periodic GC: Disabled
Heap:
 garbage-first heap   total 40960K, used 11389K [0x0000000704000000, 0x0000000800000000)
  region size 2048K, 2 young (4096K), 1 survivors (2048K)
 Metaspace       used 22066K, committed 22400K, reserved 1114112K
  class space    used 2417K, committed 2560K, reserved 1048576K
GC Heap History (14 events):
Event: 1.123 GC heap before
{Heap before GC invocations=0 (full 0):
 garbage-first heap   total 258048K, used 22528K [0x0000000704000000, 0x0000000800000000)
  region size 2048K, 11 young (22528K), 0 survivors (0K)
 Metaspace       used 14944K, committed 15168K, reserved 1114112K
  class space    used 1683K, committed 1792K, reserved 1048576K
}
Event: 1.130 GC heap after
{Heap after GC invocations=1 (full 0):
 garbage-first heap   total 258048K, used 5315K [0x0000000704000000, 0x0000000800000000)
  region size 2048K, 2 young (4096K), 2 survivors (4096K)
 Metaspace       used 14944K, committed 15168K, reserved 1114112K
  class space    used 1683K, committed 1792K, reserved 1048576K
}
Event: 2.605 GC heap before
{Heap before GC invocations=1 (full 0):
 garbage-first heap   total 258048K, used 21699K [0x0000000704000000, 0x0000000800000000)
  region size 2048K, 9 young (18432K), 2 survivors (4096K)
 Metaspace       used 21259K, committed 21504K, reserved 1114112K
  class space    used 2383K, committed 2560K, reserved 1048576K
}
Event: 2.610 GC heap after
{Heap after GC invocations=2 (full 0):
 garbage-first heap   total 258048K, used 11554K [0x0000000704000000, 0x0000000800000000)
  region size 2048K, 1 young (2048K), 1 survivors (2048K)
 Metaspace       used 21259K, committed 21504K, reserved 1114112K
  class space    used 2383K, committed 2560K, reserved 1048576K
}
Event: 937.549 GC heap before
{Heap before GC invocations=3 (full 0):
 garbage-first heap   total 40960K, used 34082K [0x0000000704000000, 0x0000000800000000)
  region size 2048K, 12 young (24576K), 1 survivors (2048K)
 Metaspace       used 22039K, committed 22336K, reserved 1114112K
  class space    used 2412K, committed 2560K, reserved 1048576K
}
Event: 937.559 GC heap after
{Heap after GC invocations=4 (full 0):
 garbage-first heap   total 40960K, used 11677K [0x0000000704000000, 0x0000000800000000)
  region size 2048K, 1 young (2048K), 1 survivors (2048K)
 Metaspace       used 22039K, committed 22336K, reserved 1114112K
  class space    used 2412K, committed 2560K, reserved 1048576K
}
Event: 1812.114 GC heap before
{Heap before GC invocations=4 (full 0):
 garbage-first heap   total 40960K, used 30109K [0x0000000704000000, 0x0000000800000000)
  region size 2048K, 10 young (20480K), 1 survivors (2048K)
 Metaspace       used 22042K, committed 22336K, reserved 1114112K
  class space    used 2412K, committed 2560K, reserved 1048576K
}
Event: 1812.123 GC heap after
{Heap after GC invocations=5 (full 0):
 garbage-first heap   total 40960K, used 11463K [0x0000000704000000, 0x0000000800000000)
  region size 2048K, 1 young (2048K), 1 survivors (2048K)
 Metaspace       used 22042K, committed 22336K, reserved 1114112K
  class space    used 2412K, committed 2560K, reserved 1048576K
}
Event: 2732.273 GC heap before
{Heap before GC invocations=5 (full 0):
 garbage-first heap   total 40960K, used 29895K [0x0000000704000000, 0x0000000800000000)
  region size 2048K, 10 young (20480K), 1 survivors (2048K)
 Metaspace       used 22042K, committed 22336K, reserved 1114112K
  class space    used 2412K, committed 2560K, reserved 1048576K
}
Event: 2732.282 GC heap after
{Heap after GC invocations=6 (full 0):
 garbage-first heap   total 40960K, used 11370K [0x0000000704000000, 0x0000000800000000)
  region size 2048K, 1 young (2048K), 1 survivors (2048K)
 Metaspace       used 22042K, committed 22336K, reserved 1114112K
  class space    used 2412K, committed 2560K, reserved 1048576K
}
Event: 4204.023 GC heap before
{Heap before GC invocations=6 (full 0):
 garbage-first heap   total 40960K, used 31850K [0x0000000704000000, 0x0000000800000000)
  region size 2048K, 11 young (22528K), 1 survivors (2048K)
 Metaspace       used 22042K, committed 22336K, reserved 1114112K
  class space    used 2412K, committed 2560K, reserved 1048576K
}
Event: 4204.031 GC heap after
{Heap after GC invocations=7 (full 0):
 garbage-first heap   total 40960K, used 11509K [0x0000000704000000, 0x0000000800000000)
  region size 2048K, 1 young (2048K), 1 survivors (2048K)
 Metaspace       used 22042K, committed 22336K, reserved 1114112K
  class space    used 2412K, committed 2560K, reserved 1048576K
}
Event: 6073.820 GC heap before
{Heap before GC invocations=7 (full 0):
 garbage-first heap   total 40960K, used 34037K [0x0000000704000000, 0x0000000800000000)
  region size 2048K, 12 young (24576K), 1 survivors (2048K)
 Metaspace       used 22042K, committed 22336K, reserved 1114112K
  class space    used 2412K, committed 2560K, reserved 1048576K
}
Event: 6073.827 GC heap after
{Heap after GC invocations=8 (full 0):
 garbage-first heap   total 40960K, used 11389K [0x0000000704000000, 0x0000000800000000)
  region size 2048K, 1 young (2048K), 1 survivors (2048K)
 Metaspace       used 22042K, committed 22336K, reserved 1114112K
  class space    used 2412K, committed 2560K, reserved 1048576K
}

